
INFO [2023-10-25T11:35:55.886Z]: opened
INFO [2023-10-25T11:35:55.886Z]: {"agent":"cosine-vscode","version":"1.0.6","package":"@cosine/analytics","token":"1803ee20efed77dfecbf705fb8dc4c18","mp_lib":"node","$lib_version":"0.17.0"}
INFO [2023-10-28T07:11:32.705Z]: opened
INFO [2023-10-28T07:11:32.705Z]: {"agent":"cosine-vscode","version":"1.0.6","package":"@cosine/analytics","token":"1803ee20efed77dfecbf705fb8dc4c18","mp_lib":"node","$lib_version":"0.17.0"}
INFO [2023-10-29T10:36:51.456Z]: opened
INFO [2023-10-29T10:36:51.456Z]: {"agent":"cosine-vscode","version":"1.0.6","package":"@cosine/analytics","token":"1803ee20efed77dfecbf705fb8dc4c18","mp_lib":"node","$lib_version":"0.17.0"}
INFO [2023-11-04T11:12:14.406Z]: opened
INFO [2023-11-04T11:12:14.406Z]: {"agent":"cosine-vscode","version":"1.0.7","package":"@cosine/analytics","token":"1803ee20efed77dfecbf705fb8dc4c18","mp_lib":"node","$lib_version":"0.17.0"}
INFO [2023-11-04T13:35:56.945Z]: opened
INFO [2023-11-04T13:35:56.946Z]: {"agent":"cosine-vscode","version":"1.0.7","package":"@cosine/analytics","token":"1803ee20efed77dfecbf705fb8dc4c18","mp_lib":"node","$lib_version":"0.17.0"}
INFO [2023-11-05T14:36:41.610Z]: opened
INFO [2023-11-05T14:36:41.610Z]: {"agent":"cosine-vscode","version":"1.0.7","package":"@cosine/analytics","token":"1803ee20efed77dfecbf705fb8dc4c18","mp_lib":"node","$lib_version":"0.17.0"}
INFO [2023-11-07T10:14:15.973Z]: opened
INFO [2023-11-07T10:14:15.973Z]: {"agent":"cosine-vscode","version":"1.0.7","package":"@cosine/analytics","token":"1803ee20efed77dfecbf705fb8dc4c18","mp_lib":"node","$lib_version":"0.17.0"}
INFO [2023-11-07T17:06:41.573Z]: opened
INFO [2023-11-07T17:06:41.573Z]: {"agent":"cosine-vscode","version":"1.0.7","package":"@cosine/analytics","token":"1803ee20efed77dfecbf705fb8dc4c18","mp_lib":"node","$lib_version":"0.17.0"}
INFO [2023-11-08T08:15:18.258Z]: opened
INFO [2023-11-08T08:15:18.258Z]: {"agent":"cosine-vscode","version":"1.0.7","package":"@cosine/analytics","token":"1803ee20efed77dfecbf705fb8dc4c18","mp_lib":"node","$lib_version":"0.17.0"}
INFO [2023-11-08T08:15:29.134Z]: Set User: prathamthepro@gmail.com
INFO [2023-11-08T08:15:29.134Z]: {"Telemetry":true}
INFO [2023-11-08T08:15:30.542Z]: extension_initialized
INFO [2023-11-08T08:15:30.542Z]: {"timeToInit":5630,"agent":"cosine-vscode","version":"1.0.7","package":"@cosine/analytics"}
INFO [2023-11-08T08:15:37.373Z]: project_languages
INFO [2023-11-08T08:15:37.373Z]: {"languages":["TypeScript","JSON"],"agent":"cosine-vscode","version":"1.0.7","package":"@cosine/analytics"}
INFO [2023-11-08T08:15:39.097Z]: project_initialize_start
INFO [2023-11-08T08:15:39.097Z]: {"name":"DevX","languages":["TypeScript","JSON","JavaScript","YAML","Markdown","HTML","PHP"],"ignored":["*.d.ts","*.min.js",".cache",".changeset",".cosine",".devcontainer",".expo",".expo-settings",".expo-shared",".git",".gitsecret",".husky",".idea",".next",".nyc_output",".parcel-cache",".pnp",".pnp.js",".storybook",".turbo",".versionbot",".vs",".vscode",".yarn",".yarnrc","_generated","build","coverage","dist","logs","node_modules","out"],"agent":"cosine-vscode","version":"1.0.7","package":"@cosine/analytics"}
INFO [2023-11-08T08:16:11.388Z]: project_initialize_success
INFO [2023-11-08T08:16:11.389Z]: {"name":"DevX","languages":["TypeScript","JSON","JavaScript","YAML","Markdown","HTML","PHP"],"ignored":["*.d.ts","*.min.js",".cache",".changeset",".cosine",".devcontainer",".expo",".expo-settings",".expo-shared",".git",".gitsecret",".husky",".idea",".next",".nyc_output",".parcel-cache",".pnp",".pnp.js",".storybook",".turbo",".versionbot",".vs",".vscode",".yarn",".yarnrc","_generated","build","coverage","dist","logs","node_modules","out"],"agent":"cosine-vscode","version":"1.0.7","package":"@cosine/analytics"}
INFO [2023-11-08T11:42:36.399Z]: project_reinitialize_start
INFO [2023-11-08T11:42:36.399Z]: {"agent":"cosine-vscode","version":"1.0.7","package":"@cosine/analytics"}
INFO [2023-11-08T11:42:41.689Z]: project_reinitialize_success
INFO [2023-11-08T11:42:41.689Z]: {"agent":"cosine-vscode","version":"1.0.7","package":"@cosine/analytics"}
INFO [2023-11-08T11:59:38.378Z]: opened
INFO [2023-11-08T11:59:38.379Z]: {"agent":"cosine-vscode","version":"1.0.7","package":"@cosine/analytics","token":"1803ee20efed77dfecbf705fb8dc4c18","mp_lib":"node","$lib_version":"0.17.0"}